0 info it worked if it ends with ok
1 verbose cli [ '/usr/local/bin/node',
1 verbose cli   '/usr/local/bin/npm',
1 verbose cli   'run',
1 verbose cli   'unit-test',
1 verbose cli   '--no-cache' ]
2 info using npm@6.9.0
3 info using node@v10.16.3
4 verbose run-script [ 'preunit-test', 'unit-test', 'postunit-test' ]
5 info lifecycle fill-my-schedule@0.1.0~preunit-test: fill-my-schedule@0.1.0
6 info lifecycle fill-my-schedule@0.1.0~unit-test: fill-my-schedule@0.1.0
7 verbose lifecycle fill-my-schedule@0.1.0~unit-test: unsafe-perm in lifecycle true
8 verbose lifecycle fill-my-schedule@0.1.0~unit-test: PATH: /usr/local/lib/node_modules/npm/node_modules/npm-lifecycle/node-gyp-bin:/Users/andrii.kodola/my_proj/Fill_my_schedule/node_modules/.bin:/usr/local/bin:/usr/bin:/bin:/usr/sbin:/sbin:/Users/andrii.kodola/heureka/wc-sync:/Users/andrii.kodola/heureka/wc-sync
9 verbose lifecycle fill-my-schedule@0.1.0~unit-test: CWD: /Users/andrii.kodola/my_proj/Fill_my_schedule
10 silly lifecycle fill-my-schedule@0.1.0~unit-test: Args: [ '-c', 'jest' ]
11 silly lifecycle fill-my-schedule@0.1.0~unit-test: Returned: code: 1  signal: null
12 info lifecycle fill-my-schedule@0.1.0~unit-test: Failed to exec unit-test script
13 verbose stack Error: fill-my-schedule@0.1.0 unit-test: `jest`
13 verbose stack Exit status 1
13 verbose stack     at EventEmitter.<anonymous> (/usr/local/lib/node_modules/npm/node_modules/npm-lifecycle/index.js:301:16)
13 verbose stack     at EventEmitter.emit (events.js:198:13)
13 verbose stack     at ChildProcess.<anonymous> (/usr/local/lib/node_modules/npm/node_modules/npm-lifecycle/lib/spawn.js:55:14)
13 verbose stack     at ChildProcess.emit (events.js:198:13)
13 verbose stack     at maybeClose (internal/child_process.js:982:16)
13 verbose stack     at Process.ChildProcess._handle.onexit (internal/child_process.js:259:5)
14 verbose pkgid fill-my-schedule@0.1.0
15 verbose cwd /Users/andrii.kodola/my_proj/Fill_my_schedule
16 verbose Darwin 19.2.0
17 verbose argv "/usr/local/bin/node" "/usr/local/bin/npm" "run" "unit-test" "--no-cache"
18 verbose node v10.16.3
19 verbose npm  v6.9.0
20 error code ELIFECYCLE
21 error errno 1
22 error fill-my-schedule@0.1.0 unit-test: `jest`
22 error Exit status 1
23 error Failed at the fill-my-schedule@0.1.0 unit-test script.
23 error This is probably not a problem with npm. There is likely additional logging output above.
24 verbose exit [ 1, true ]
